博士蛙旗舰店
酷蒂旗舰店
辉飞旗舰店
悠乐猫童装旗舰店
韵妈咪母婴旗舰店
依码当先旗舰店
大手牵小手旗舰店
艾婴乐旗舰店
铭塔玩具旗舰店
hehehei旗舰店
依卡司旗舰店
幸童祥旗舰店
果菓母婴旗舰店
爱倍思贝母婴旗舰店
丽婴房官方旗舰店
日月禾旗舰店
时尚童年星旗舰店
水鸟旗舰店
小猪熠熠旗舰店
果果兔旗舰店
招财熊旗舰店
绿叶子家园旗舰店
泡泡鱼旗舰店
贝丽旗舰店
乐的玩具旗舰店
babydeer母婴旗舰店
喜贝雅旗舰店
米粒儿旗舰店
宝贝小猪旗舰店
琥珀寻旗舰店
pouch旗舰店
麦狄豪旗舰店
乐乐猫旗舰店
迪斯兔旗舰店
星逸旗舰店
deesha笛莎旗舰店
派对魔坊旗舰店
apical澳培加母婴旗舰店
babisil贝儿欣旗舰店
靓丽孕宝旗舰店
班妮宝贝旗舰店
阿思诺旗舰店
jeep童装旗舰店
伊诗比蒂旗舰店
小豆丁旗舰店
良无限官方旗舰店
五羊旗舰店
湘雪旗舰店
魔法盒子童装旗舰店
智趣屋旗舰店
点点鹿旗舰店
可当旗舰店
捉趣旗舰店
孕爱旗舰店
宝思路旗舰店
coolkiz旗舰店
oinme艾茵美旗舰店
铭佳童话旗舰店
艾檀旗舰店
惠代织母婴旗舰店
米奇丁当旗舰店
百氏利臣旗舰店
筠雅宝贝童装旗舰店
猫猫鱼旗舰店
梦瑶岚旗舰店
妈咪专家旗舰店
孕亲母婴旗舰店
浪漫久久旗舰店
爵士兔旗舰店
aglory旗舰店
米其屋旗舰店
皮皮熊童装旗舰店
可可鹿旗舰店
怪怪兔童装旗舰店
好到底旗舰店
童源童装旗舰店
羊羊100旗舰店
格瑞儿旗舰店
iceol母婴旗舰店
欧培旗舰店
hercastle嫒宝时旗舰店
宝乐维旗舰店
雀太郎童装旗舰店
水木乐旗舰店
chacosia家可秀旗舰店
千金娃娃旗舰店
圣逸亲旗舰店
冰雪隆娃童装旗舰店
贝立安旗舰店
玛吉卡童装旗舰店
Mbaby防辐射旗舰店
杰芙雅旗舰店
灵动创想旗舰店
巧儿宜官方旗舰店
亲子王母婴旗舰店
爱贝笛旗舰店
kocotree旗舰店
漫能旗舰店
tonyboy旗舰店
左岸右转玩具旗舰店
西西图童装旗舰店
美啦美啦旗舰店
梦佳捷旗舰店
角力母婴旗舰店
贝米迪旗舰店
偶库旗舰店
怡恩贝旗舰店
安婴保旗舰店
霞琪旗舰店
螃蟹王国旗舰店
杰赋旗舰店
多美特旗舰店
紫榕旗舰店
娃娃博士旗舰店
tomibaby母婴旗舰店
爱丽仕旗舰店
小皇鸟旗舰店
乐酷奇旗舰店
点点西里旗舰店
圣宝度伦旗舰店
南极人童装旗舰店
淘气娃旗舰店
木丸子玩具旗舰店
minizaru童装旗舰店
酷尾巴旗舰店
minizone旗舰店
婷峰旗舰店
全尚美旗舰店
金尊豹旗舰店
拽哆哆玩具旗舰店
圣奇乐娃娃旗舰店
天使爱杰明旗舰店
否则服饰旗舰店
多美茜旗舰店
米朗琪旗舰店
澳芙园旗舰店
秦羊旗舰店
贝贝童鞋旗舰店
满趣旗舰店
斯纳菲童鞋旗舰店
幸福猫旗舰店
玉璎母婴旗舰店
黄色小鸭官方旗舰店
童衣尚旗舰店
建莲旗舰店
安琪宝贝母婴旗舰店
乐豆宝贝旗舰店
溜达猫旗舰店
孕味妈咪旗舰店
纳兰小猪旗舰店
奇益旗舰店
派迪派旗舰店
源动力旗舰店
呵宝母婴旗舰店
小西米木母婴旗舰店
hamiu旗舰店
comotomo可么多么旗舰店
maxsun玩具旗舰店
duduhouse旗舰店
lecoco旗舰店
安方旗舰店
可瑞贝贝旗舰店
依寸光阴旗舰店
木木屋旗舰店
多能多母婴旗舰店
yiyi旗舰店
米曲旗舰店
concord旗舰店
圣婴园母婴旗舰店
章鱼王子旗舰店
beshine贝翔旗舰店
淘孕旗舰店
梦语坊旗舰店
樱宝宝母婴旗舰店
kidsway旗舰店
贝儿乐旗舰店
海娜森防辐射旗舰店
nutrilon官方旗舰店
天然世家旗舰店
jjlkids童装旗舰店
波波娃玩具旗舰店
多多鹿旗舰店
思贝旗舰店
jgjg旗舰店
金宝旗舰店
toonsland官方旗舰店
冠军小熊旗舰店
麦考林童装旗舰店
定邦旗舰店
jane简奈旗舰店
噜比贝贝旗舰店
珠亿旗舰店
宝德母婴旗舰店
coeeo旗舰店
婴之贝旗舰店
阿颖旗舰店
喜贝贝旗舰店
竹名堂旗舰店
瑞客旗舰店
neolac旗舰店
漫踪旗舰店
晨柏莹童装旗舰店
嗨皮熊旗舰店
蘑菇宝贝官方旗舰店
艾妮贝尔旗舰店
肯娜奴旗舰店
tongjiababy旗舰店
憨豆龙旗舰店
亲雅旗舰店
爱迪贝贝旗舰店
活力鸭旗舰店
瑞氏旗舰店
飞利浦新安怡旗舰店
迪鸥旗舰店
kidsmile旗舰店
优是制造母婴旗舰店
超其特旗舰店
babyrow童装旗舰店
啊咪啦旗舰店
哒哈哈旗舰店
圣喜邻旗舰店
童曲旗舰店
喜安智旗舰店
喔克宝贝旗舰店
nuriz纽利兹旗舰店
乐倍乐旗舰店
爱佳宝母婴旗舰店
tseleegence旗舰店
动力宝宝旗舰店
悦贝熊旗舰店
达菲鸟旗舰店
gubi咕比旗舰店
南家姐妹旗舰店
阿妮甜甜童装旗舰店
dumex多美滋官方旗舰店
好的来旗舰店
浙童童装旗舰店
kidsattach旗舰店
爱尔兔旗舰店
班比纳童装旗舰店
小小孩旗舰店
爱亲亲旗舰店
beingmate贝因美旗舰店
汉臣氏母婴旗舰店
助兴旗舰店
哈町旗舰店
熊崽仔童装旗舰店
乐菲宝旗舰店
名人宝宝母婴旗舰店
智冠旗舰店
咿呀母婴官方旗舰店
temami旗舰店
蓓茵儿母婴旗舰店
怡趣母婴旗舰店
袋鼠妈妈旗舰店
金斗云旗舰店
酷嘎旗舰店
经典米兰旗舰店
七星豆童装旗舰店
雀巢母婴官方旗舰店
epinmammy旗舰店
宸涛旗舰店
justbecause旗舰店
爱丽儿宝贝旗舰店
囧囧乐旗舰店
妈妈秀旗舰店
优尼世界旗舰店
艾娜骑士旗舰店
纽瑞滋旗舰店
优衣库官方旗舰店
若态旗舰店
艾佳人旗舰店
特尔博模型旗舰店
bisoubisou旗舰店
益力健旗舰店
lovesmama旗舰店
美洲狮旗舰店
诺澳旗舰店
花丛小妖旗舰店
婷妃内衣旗舰店
安奈儿旗舰店
topbright旗舰店
乳加力旗舰店
十月天使官方旗舰店
幸福手牵手旗舰店
童泰母婴旗舰店
博宾尼童鞋旗舰店
爱伊贝丽旗舰店
andrinuo旗舰店
天使的口袋旗舰店
yad旗舰店
爱制造旗舰店
nibobo旗舰店
三美婴旗舰店
布衣草人旗舰店
小秘诀童装旗舰店
完达山旗舰店
乐婴坊旗舰店
抱抱熊旗舰店
美妮旗舰店
益生贝美旗舰店
喜满旗舰店
笑巴喜旗舰店
添香官方旗舰店
淘气玩家旗舰店
过影旗舰店
蒂乐旗舰店
贝贝怡旗舰店
尤美母婴旗舰店
乔妮雅旗舰店
米豆鱼旗舰店
雅滋美特旗舰店
婴爱母婴旗舰店
绿菲尔旗舰店
kissbaby官方旗舰店
圣得贝旗舰店
jajale旗舰店
古之极旗舰店
小虎宝儿旗舰店
童畅旗舰店
奥医旗舰店
迪卡侬旗舰店
taolifestyle旗舰店
anaqic旗舰店
巴布豆官方旗舰店
星星堡旗舰店
龙之涵旗舰店
莱迪尚旗舰店
三乐旗舰店
英氏母婴旗舰店
maryshop旗舰店
首儿淘宝官方旗舰店
allwoo旗舰店
yijan旗舰店
wellber旗舰店
优贝旗舰店
欢恩宝母婴旗舰店
游卡桌游旗舰店
樱井翔旗舰店
默咔伊伊旗舰店
嗒嘀嗒dadida旗舰店
桂子飘香旗舰店
北辰宝贝旗舰店
芙儿优旗舰店
小猪班纳旗舰店
好孩子官方旗舰店
小龙哈彼官方旗舰店
培康旗舰店
uumu旗舰店
仙霸玩具官方旗舰店
每伴旗舰店
情缘旗舰店
涩咪咪旗舰店
进进旗舰店
硕士旗舰店
dordorhorse旗舰店
唯新旗舰店
雀氏官方旗舰店
嘉嘉熊旗舰店
伊顿纪德旗舰店
飞鹤官方旗舰店
哺宝旗舰店
亨得利旗舰店
伊奈尔旗舰店
富罗迷旗舰店
淘生活旗舰店
kd旗舰店
esbeeli旗舰店
妈妈美旗舰店
歌歌宝贝旗舰店
袋鼠仔仔旗舰店
新贝旗舰店
维塔卡尼旗舰店
喜多旗舰店
绿盒子官方旗舰店
阿狸旗舰店
爱宝氏旗舰店
巧可巧克旗舰店
全棉时代官方旗舰店
大王官方旗舰店
珍依丽旗舰店
来贝儿旗舰店
卡洛塔妮旗舰店
小毛虫旗舰店
杰米熊旗舰店
亲亲我旗舰店
邦怡旗舰店
阿卡手工旗舰店
叙贝旗舰店
wehappy旗舰店
玩美从速旗舰店
强尼金瑞旗舰店
skiptoes旗舰店
易知伢旗舰店
米朵家居旗舰店
牧童母婴旗舰店
康福禄旗舰店
momandbab旗舰店
朵望旗舰店
thecouplepig旗舰店
诺宜旗舰店
小素材旗舰店
乐亲旗舰店
好女人旗舰店
meitoku旗舰店
千奇坊旗舰店
马拉丁官方旗舰店
乐孕旗舰店
洛巴兔旗舰店
要要旗舰店
一窝熊崽旗舰店
花香四季旗舰店
bellflygo旗舰店
美孕佳人旗舰店
诺尔健旗舰店
翰元旗舰店
亲润旗舰店
贝亲官方旗舰店
小白熊旗舰店
贝贝依依旗舰店
童光流年旗舰店
cutiplay旗舰店
五粒豆旗舰店
优乐酷旗舰店
海之雨旗舰店
卡沙巴王子旗舰店
魔术8000旗舰店
马博士旗舰店
有喜旗舰店
bodino旗舰店
十月妈咪旗舰店
孕婴港湾旗舰店
魔法公社旗舰店
兔小丫旗舰店
cymo旗舰店
hoo旗舰店
倾城家居旗舰店
宝优乐旗舰店
真情家居旗舰店
巴士猫旗舰店
和光堂官方旗舰店
十月秀母婴旗舰店
米乐迪旗舰店
可乐凡尼旗舰店
mamabkoo官方旗舰店
步步安旗舰店
gl母婴旗舰店
小儿郎旗舰店
abid旗舰店
筱逸母婴旗舰店
可可心依旗舰店
家乐宝旗舰店
唯氏旗舰店
生命阳光官方旗舰店
童趣之星旗舰店
唯思凡旗舰店
缪尚旗舰店
childlife旗舰店
正利旗舰店
宜栖母婴旗舰店
丢丢糖旗舰店
孩子王官方旗舰店
鸭脚木旗舰店
秀韩儿旗舰店
依旺玩具旗舰店
喜多多旗舰店
朵雅旗舰店
运宝旗舰店
卡努奇旗舰店
米西公主旗舰店
孩之宝官方旗舰店
香媚糖糖旗舰店
小土豆母婴旗舰店
妈妈好孩子官方旗舰店
良良旗舰店
千寻雅诺旗舰店
拉比母婴旗舰店
爱乐贝兜儿旗舰店
皮皮豆旗舰店
简爱玩具旗舰店
贝贝帕克旗舰店
viaic旗舰店
红孩儿官方旗舰店
双漫家纺旗舰店
xingyunshi旗舰店
阿杰邦尼旗舰店
嘻迷宝贝旗舰店
巴乐乐伊旗舰店
劲得保健食品旗舰店
淘艾斯家居旗舰店
美羚旗舰店
喜孕宝旗舰店
onlykiss母婴旗舰店
康衣儿旗舰店
功夫深旗舰店
百伶妈妈旗舰店
韵娅旗舰店
dorababy旗舰店
灰鹿旗舰店
funnylove旗舰店
carriemom旗舰店
connche旗舰店
七彩猪旗舰店
婴之尔旗舰店
宝利源旗舰店
招财鱼旗舰店
jinbbnet旗舰店
分美品众服饰旗舰店
漂亮妞妞旗舰店
尤卡布玩具旗舰店
第七公社旗舰店
利美模型旗舰店
菲妮宝贝旗舰店
晟麦旗舰店
乐美达旗舰店
外奇旗舰店
越位服饰旗舰店
cocobananas旗舰店
阿李罗旗舰店
爱贝爱依母婴旗舰店
酷幼旗舰店
妮圣旗舰店
美哈旗舰店
小熊楠楠旗舰店
鲸之舞旗舰店
Gap官方旗舰店
雅特茂旗舰店
豆巴士旗舰店
竹宜生家居旗舰店
美满孕程旗舰店
孕美旗舰店
卓艺都都旗舰店
沙虫旗舰店
缔纶服饰旗舰店
卡拉梦旗舰店
布叮猫旗舰店
红运来旗舰店
冉升旗舰店
葛莱官方旗舰店
lolado旗舰店
圣元母婴旗舰店
孕之彩服饰旗舰店
贝儿森旗舰店
信兴家居旗舰店
利其尔官方旗舰店
穆秋服饰旗舰店
婴乐谷旗舰店
蚕坊俪旗舰店
ponieconie旗舰店
纳丁旗舰店
Dr.
荷兰乳牛旗舰店
nuk官方旗舰店
漫游宝宝旗舰店
雅士利旗舰店
宅宅乐旗舰店
笛娜思旗舰店
小虎子旗舰店
宝贝星旗舰店
美德乐旗舰店
禾雪旗舰店
熊之族旗舰店
依尔婴旗舰店
天才脑玩具旗舰店
彤乐旗舰店
佰鸥旗舰店
艾妮宝贝旗舰店
纽滋本旗舰店
小硕士旗舰店
小k斯旗舰店
童舟旗舰店
卡乐优旗舰店
喜姿妈咪旗舰店
妈咪宝贝官方旗舰店
哥士尼旗舰店
哈喜屋母婴旗舰店
rooba旗舰店
babyruler旗舰店
jonbobo旗舰店
tomysasa旗舰店
一贝皇城旗舰店
公主驾到旗舰店
ansels旗舰店
艾兰得旗舰店
金奇仕旗舰店
kboy旗舰店
爱拉曼旗舰店
苏柏衿旗舰店
班纳乐园旗舰店
宝乐滋旗舰店
皇家之星母婴旗舰店
miccidan玩具旗舰店
璐易邦博旗舰店
invacoo旗舰店
御宝旗舰店
mowidi旗舰店
陶陶妮旗舰店
优伴旗舰店
金韵娇儿旗舰店
智灵通旗舰店
乐玩童年旗舰店
卡斯奇旗舰店
外婆桥母婴旗舰店
花王官方旗舰店
朗明旗舰店
pptown旗舰店
戈咪熊旗舰店
lysi旗舰店
pinkpanda旗舰店
顶呱呱官方旗舰店
乐立方旗舰店
纽曼思旗舰店
swilov服饰旗舰店
panxiuyi母婴旗舰店
暖意旗舰店
赛恩康旗舰店
卡梵亚旗舰店
忆镁薇服饰旗舰店
研达动漫旗舰店
jollybear旗舰店
玛塔塔旗舰店
维尼城堡旗舰店
尤朵拉家居旗舰店
宇速旗舰店
布布熊旗舰店
米修米修服饰旗舰店
橙火旗舰店
漫美假发旗舰店
左爱佑童旗舰店
聪宝宝母婴旗舰店
母爱旗舰店
阿福贝贝旗舰店
麦科贝尔旗舰店
笨笨豆旗舰店
联华金盾旗舰店
蔚然旗舰店
chicco官方旗舰店
贝舒乐旗舰店
berryyoyo旗舰店
诺宝康旗舰店
盛哲卡母婴旗舰店
三幸母婴旗舰店
阿拉兜旗舰店
霖贝儿旗舰店
童宜美旗舰店
熊猫胖迪旗舰店
米开朗旗舰店
宇贝儿旗舰店
小步走路旗舰店
康乐坊旗舰店
喜孕娇旗舰店
霏比内衣旗舰店
安吉宝贝旗舰店
佐氏家旗舰店
利乃康旗舰店
郭氏艺佳旗舰店
惠氏母婴旗舰店
小酒窝旗舰店
fnboled旗舰店
友贝旗舰店
游牧人旗舰店
奇酷母婴旗舰店
予爱旗舰店
娜伲熊旗舰店
阿卡奇旗舰店
牛牛手绘鞋类旗舰店
小鱼宝儿旗舰店
喜迪奇旗舰店
元智玩具旗舰店
哈贝比母婴旗舰店
麦凯旗舰店
一朵母婴旗舰店
优动旗舰店
记忆日旗舰店
乐禧来旗舰店
淘气宝贝母婴旗舰店
爱情神话家居旗舰店
缇贝儿旗舰店
一点旗舰店
高培旗舰店
小林日化官方旗舰店
天使之祥旗舰店
达晶旗舰店
艾朵朵旗舰店
方广官方旗舰店
丽莎贝儿旗舰店
京城娃娃旗舰店
亲情宝宝旗舰店
慢乐家居旗舰店
优奇旗舰店
爱一起旗舰店
仕彩旗舰店
希佳旗舰店
爱朵艾米旗舰店
麦咣咣旗舰店
睿智贝儿母婴旗舰店
掌生谷粒旗舰店
开心鹿鹿旗舰店
贝贝鸭旗舰店
自然之吻旗舰店
班罗尔旗舰店
bazan旗舰店
黛尔珂旗舰店
哒哒鸭旗舰店
卡奇曼母婴旗舰店
迈哈尼旗舰店
嗨米旗舰店
优贝艾儿旗舰店
乐兮旗舰店
113母婴旗舰店
tymb旗舰店
美敦力加官方旗舰店
贝贝叶母婴旗舰店
童壹库旗舰店
绿贝壳母婴旗舰店
培蒂曼克旗舰店
呱呱蛋旗舰店
强强宝贝旗舰店
皇贝莎莎旗舰店
拉比圆梦宝母婴旗舰店
悦之恋旗舰店
明一官方旗舰店
朵拉米拉旗舰店
凡兜旗舰店
素蕴服饰旗舰店
星星舟旗舰店
infanton旗舰店
公主廊旗舰店
春天童话服饰旗舰店
百丽集团童鞋旗舰店
雀巢官方旗舰店
丝丝百合旗舰店
维尼爱旗舰店
ebayn伊贝安旗舰店
海绵泡泡旗舰店
uika旗舰店
依芙儿旗舰店
奇蒂旗舰店
微米兔服饰旗舰店
贝博氏官方旗舰店
宝贝e族服饰旗舰店
萃芙理旗舰店
多乐欣旗舰店
优香旗舰店
wzfq旗舰店
帮宝适官方旗舰店
ibelieve爱贝丽旗舰店
优加旗舰店
衣贝尔旗舰店
雅氏旗舰店
米布旗舰店
罗兰妃旗舰店
猪九戒旗舰店
迪士嘉旗舰店
beccacool旗舰店
猪掌柜旗舰店
三羊一家旗舰店
茄子妈咪旗舰店
展禾服饰旗舰店
包包鱼旗舰店
nuby母婴旗舰店
千禧豆母婴旗舰店
雅培官方旗舰店
酷能玩具旗舰店
园中葵旗舰店
minimoto旗舰店
goplay旗舰店
贝瑞佳旗舰店
乐儿佳旗舰店
aiitata旗舰店
咿依衣旗舰店
亨氏官方旗舰店
孕肤宝旗舰店
暖绒绒玩具旗舰店
碳长旗舰店
gywin吉赟屋旗舰店
大黄蜂旗舰店
优优1点旗舰店
彩虹桥玩具旗舰店
妙妙可心旗舰店
秀园旗舰店
添心旗舰店
burnsche旗舰店
奈足童鞋旗舰店
纳斐旗舰店
琪比小美屋旗舰店
温馨渠母婴旗舰店
芙孕莱旗舰店
火焰娃娃旗舰店
宝迪酷依旗舰店
乐智由我旗舰店
奥迪双钻官方旗舰店
美筑丽家旗舰店
莱蒙旗舰店
也诺旗舰店
萌萌兔旗舰店
博仕屋旗舰店
奇乐兔服饰旗舰店
奇群貂旗舰店
安宝莱旗舰店
圆梦宝旗舰店
嘟嘟猫旗舰店
优宝优贝旗舰店
韵玛旗舰店
神豆旗舰店
爱护旗舰店
乐涵旗舰店
影饰聚旗舰店
小星星旗舰店
巴巴泥旗舰店
combi康贝官方旗舰店
吉维宝贝旗舰店
飞客动漫旗舰店
孕之侣旗舰店
朵朵康旗舰店
婧麒旗舰店
旁白母婴旗舰店
爱陶乐旗舰店
哈利宝贝旗舰店
乐高官方旗舰店
1号店官方旗舰店
芭比官方旗舰店
十点伴旗舰店
酷笔娃旗舰店
乐都特旗舰店
优1宝贝官方旗舰店
柏文熊旗舰店
费雪牌官方旗舰店
优瑞斯旗舰店
丹妮玩具旗舰店
巧尼熊旗舰店
恬贝儿旗舰店
chbaby旗舰店
安耐士旗舰店
恩恩熊旗舰店
艾贝乐旗舰店
英吉利旗舰店
银座官方旗舰店
flott弗洛特旗舰店
冰宁果果旗舰店
besee旗舰店
麻棉豆竹旗舰店
盛泉玩具旗舰店
神马母婴旗舰店
硕康旗舰店
韦氏服饰旗舰店
聆语寻旗舰店
安丽王子旗舰店
炫动酷地带官方旗舰店
俏娃宝贝玩具旗舰店
迪宝乐旗舰店
孕动人母婴旗舰店
珂莉蒂花园旗舰店
比优玩具旗舰店
孕妇大叔旗舰店
alababy旗舰店
好来喜旗舰店
子雅贝贝童装旗舰店
vivlul旗舰店
爱必顿旗舰店
种豆得豆旗舰店
小皇帝旗舰店
酷乐童鞋旗舰店
孕薇旗舰店
婴侍卫旗舰店
哈比熊旗舰店
西施免儿旗舰店
傲滋旗舰店
女之御旗舰店
强孩纳母婴旗舰店
蓓宁旗舰店
妙乐乐官方旗舰店
亲子时光旗舰店
abckids旗舰店
帛魅旗舰店
贝塔曼旗舰店
hkyixiug旗舰店
特福芬母婴旗舰店
美驰图玩具旗舰店
羚瑞聪旗舰店
玛维妮旗舰店
利贝乐旗舰店
长白工坊旗舰店
zhuaimao拽猫旗舰店
爱馨多旗舰店
沃基熊旗舰店
巧之木旗舰店
甜心妈咪旗舰店
38周旗舰店
卡比菲旗舰店
惜夕旗舰店
简至旗舰店
六甲村旗舰店
江通玩具旗舰店
可优比旗舰店
青沐鱼旗舰店
朵伊爱旗舰店
礼谊达旗舰店
davebella旗舰店
米偶旗舰店
美阳阳旗舰店
唯爱久久旗舰店
熙莲娜儿旗舰店
朱阿姨旗舰店
红蜻蜓童鞋旗舰店
特宝贝母婴旗舰店
爱心百分百旗舰店
爱婴室官方旗舰店
小铁人旗舰店
酷布旗舰店
千千小熊旗舰店
柯佳旗舰店
郁彼母婴旗舰店
陀螺小子旗舰店
suavinex旗舰店
全元康旗舰店
日康母婴旗舰店
天使城堡旗舰店
阿拉贡旗舰店
宝贝第一旗舰店
kadnoo旗舰店
麦子米可旗舰店
苏格马可旗舰店
温馨彩孕坊旗舰店
闪天下童装旗舰店
帕菲帕贝童装旗舰店
万代官方旗舰店
爱及屋童装旗舰店
泽旭童装旗舰店
慕倩母婴旗舰店
叶娇儿旗舰店
康君莉母婴旗舰店
君宝康旗舰店
贝迩斯旗舰店
小不点母婴旗舰店
雅姆营养旗舰店
小浣熊旗舰店
梦翔母婴旗舰店
妈妈喂旗舰店
catmeokids旗舰店
布玛玩具旗舰店
舒氏旗舰店
彩桥旗舰店
存恩旗舰店
迈秀童装旗舰店
小兔乖乖母婴旗舰店
ruiou锐欧旗舰店
catalo旗舰店
亚洲妈妈母婴旗舰店
七波辉官方旗舰店
综漫玩具旗舰店
贝米斯旗舰店
久岁伴旗舰店
金豆嘟嘟母婴旗舰店
棉花堂旗舰店
jijikuzai童装旗舰店
宝贝可爱旗舰店
oodparty旗舰店
依藤娜旗舰店
亲点旗舰店
梦之艺服饰旗舰店
格氏旗舰店
伊孕美母婴旗舰店
cookle童鞋旗舰店
旺仔童装旗舰店
尼特猫旗舰店
goodsmile官方旗舰店
麦淘米仔旗舰店
玩具反斗城旗舰店
纽万母婴旗舰店
好搭档旗舰店
梦缘旗舰店
童年日记旗舰店
同羽母婴旗舰店
开心兔旗舰店
福禄纳旗舰店
金贝美多旗舰店
田果果童装旗舰店
小懒猪母婴旗舰店
球唛乐童装旗舰店
u3u3童装旗舰店
海威迩旗舰店
步逸凡旗舰店
金禧羊羊旗舰店
托尼艾米童装旗舰店
kidsland官方旗舰店
qq太郎旗舰店
康宝小家电旗舰店
羚滋旗舰店
名纷旗舰店
卡咪猫旗舰店
minicar旗舰店
麦比的世界旗舰店
龙宝宝童装旗舰店
品乐多旗舰店
梵贝拉旗舰店
聪尔壮旗舰店
feja旗舰店
蛋生旗舰店
春天梦母婴旗舰店
笑蕾旗舰店
佰事龙旗舰店
依邦酷童装旗舰店
酷豆丁母婴旗舰店
孕好时光旗舰店
依露赛特母婴旗舰店
康美婷旗舰店
斑点兔母婴旗舰店
拉丁宝贝旗舰店
hellomika旗舰店
孩子乐玩具旗舰店
都嘉贝尔旗舰店
李宁母婴旗舰店
玛米玛卡童装旗舰店
诺宝儿旗舰店
mymikku旗舰店
名门贵族旗舰店
博士牛旗舰店
柔爱旗舰店
茵倍可母婴旗舰店
蓝天麦子服饰旗舰店
恋之遇旗舰店
闪卡童装旗舰店
米卡酷旗舰店
nutricia品牌官方旗舰店
咔路比母婴旗舰店
十八枪旗舰店
qinchael旗舰店
贝唯他旗舰店
bonrich旗舰店
乐吉儿旗舰店
红枫阁童装旗舰店
世纪春天旗舰店
爱新奇旗舰店
喜恩贝旗舰店
诺贝尔康旗舰店
佳贝爽旗舰店
贝勒格格旗舰店
仙乐官方旗舰店
everearth玩具旗舰店
巴米奇旗舰店
卡卡拉母婴旗舰店
添禧旗舰店
uiui旗舰店
小鱿鱼童装旗舰店
群兴旗舰店
幸福贝贝童装旗舰店
韵尚美母婴旗舰店
西谱旗舰店
爸爸抱抱旗舰店
每添旗舰店
谷之爱母婴旗舰店
淘小鸭旗舰店
艾唯儿童装旗舰店
凯迪威玩具旗舰店
优乐贝儿旗舰店
义厚成居家日用旗舰店
canchn旗舰店
依杰童话旗舰店
爱婴岛官方旗舰店
沐阳童旗舰店
全球人旗舰店
优贝宜旗舰店
abc母婴旗舰店
妙妙龙旗舰店
中百官方旗舰店
森德西卡旗舰店
智高旗舰店
kabrita旗舰店
upshow服饰旗舰店
喜贝美旗舰店
美嘉欣玩具旗舰店
童狮旗舰店
壹宝贝旗舰店
璞哥琅弟旗舰店
非常宝贝旗舰店
锋美旗舰店
多力童装旗舰店
旺沛达旗舰店
加密狗母婴旗舰店
柏鹭旗舰店
卡卡锦宝旗舰店
水上莲花母婴旗舰店
anmum安满官方旗舰店
羊亲亲旗舰店
青蛙王子旗舰店
i学习旗舰店
小猫哆咪童装旗舰店
超级邦尼童装旗舰店
velvetbee旗舰店
softlove母婴旗舰店
toozaizai旗舰店
hanmi母婴官方旗舰店
开心玛特玩具旗舰店
星河动漫旗舰店
皮偌乔旗舰店
贝贝豆丁旗舰店
人酷e族童装旗舰店
琪孕儿旗舰店
森林小树旗舰店
易迈旗舰店
奥乐可旗舰店
长耳猫旗舰店
尚绒坊旗舰店
蕴蓓母婴旗舰店
孩堡旗舰店
可爱宝贝母婴旗舰店
momolili母婴旗舰店
美好宝贝母婴旗舰店
米拉贝尔母婴旗舰店
魔法天使旗舰店
麦童庄旗舰店
宝贝基地童装旗舰店
蜜馥儿旗舰店
时光机童鞋旗舰店
流年花开童装旗舰店
奕思瑞玩具旗舰店
小潮男童装旗舰店
小儿郎童装旗舰店
飘飘龙旗舰店
水肌肤母婴旗舰店
明治乳业官方旗舰店
对松堂化妆品旗舰店
艾贝小熊旗舰店
雨雨熊旗舰店
嘉乐达旗舰店
dtu童装旗舰店
十月结晶旗舰店
好佳好旗舰店
真莱丝旗舰店
智多星玩具旗舰店
奇摩娃旗舰店
澳乐旗舰店
冠迪旗舰店
嘉都雅奴服饰旗舰店
凡肯旗舰店
右岸宝宝童装旗舰店
小狗尼可旗舰店
艾尼小猪旗舰店
精明宝贝旗舰店
佐丹奴官方旗舰店
笛莎旗舰店
惠氏金宝宝旗舰店
摩登小姐旗舰店
木玩世家旗舰店
huggies好奇旗舰店
可瑞康旗舰店
迪莎旗舰店
